<html>
<head>
<title>TestNG:  Command line test</title>
<link href="../testng.css" rel="stylesheet" type="text/css" />
<link href="../my-testng.css" rel="stylesheet" type="text/css" />

<style type="text/css">
.log { display: none;} 
.stack-trace { display: none;} 
</style>
<script type="text/javascript">
<!--
function flip(e) {
  current = e.style.display;
  if (current == 'block') {
    e.style.display = 'none';
    return 0;
  }
  else {
    e.style.display = 'block';
    return 1;
  }
}

function toggleBox(szDivId, elem, msg1, msg2)
{
  var res = -1;  if (document.getElementById) {
    res = flip(document.getElementById(szDivId));
  }
  else if (document.all) {
    // this is the way old msie versions work
    res = flip(document.all[szDivId]);
  }
  if(elem) {
    if(res == 0) elem.innerHTML = msg1; else elem.innerHTML = msg2;
  }

}

function toggleAllBoxes() {
  if (document.getElementsByTagName) {
    d = document.getElementsByTagName('div');
    for (i = 0; i < d.length; i++) {
      if (d[i].className == 'log') {
        flip(d[i]);
      }
    }
  }
}

// -->
</script>

</head>
<body>
<h2 align='center'>Command line test</h2><table border='1' align="center">
<tr>
<td>Tests passed/Failed/Skipped:</td><td>0/1/1</td>
</tr><tr>
<td>Started on:</td><td>Fri Aug 26 11:02:46 CEST 2016</td>
</tr>
<tr><td>Total time:</td><td>0 seconds (202 ms)</td>
</tr><tr>
<td>Included groups:</td><td></td>
</tr><tr>
<td>Excluded groups:</td><td></td>
</tr>
</table><p/>
<small><i>(Hover the method name to see the test class name)</i></small><p/>
<table width='100%' border='1' class='invocation-failed'>
<tr><td colspan='3' align='center'><b>FAILED TESTS</b></td></tr>
<tr><td><b>Test method</b></td>
<td width="10%"><b>Time (seconds)</b></td>
<td width="30%"><b>Exception</b></td>
</tr>
<tr>
<td title='org.scalatest.tools.test.SuiteWithSkippedTest.dependeeThatFails()'>dependeeThatFails</td>
<td>0</td>
<td><div><pre>java.lang.Exception: fail
	at org.scalatest.tools.test.SuiteWithSkippedTest.dependeeThatFails(ScalaTestRunnerSuite.scala:215)
	at org.scalatest.testng.TestNGSuite$class.run(TestNGSuite.scala:161)
	at org.scalatest.tools.test.SuiteWithSkippedTest.run(ScalaTestRunnerSuite.scala:213)
	at org.scalatest.testng.TestNGSuite$class.runTestNG(TestNGSuite.scala:148)
	at org.scalatest.tools.test.SuiteWithSkippedTest.runTestNG(ScalaTestRunnerSuite.scala:213)
	at org.scalatest.testng.TestNGSuite$class.run(TestNGSuite.scala:99)
	at org.scalatest.tools.test.SuiteWithSkippedTest.run(ScalaTestRunnerSuite.scala:213)
	at org.scalatest.tools.ScalaTestFramework$ScalaTestRunner.run(ScalaTestFramework.scala:104)
	at org.scalatest.tools.ScalaTestRunnerSuite.run(ScalaTestRunnerSuite.scala:154)
	at org.scalatest.tools.ScalaTestRunnerSuite.run(ScalaTestRunnerSuite.scala:144)
	at org.scalatest.tools.ScalaTestRunnerSuite$$anonfun$9.apply(ScalaTestRunnerSuite.scala:112)
	at org.scalatest.tools.ScalaTestRunnerSuite$$anonfun$9.apply(ScalaTestRunnerSuite.scala:111)
	at org.scalatest.FunSuite$$anon$2.apply(FunSuite.scala:1146)
	at org.scalatest.Suite$class.withFixture(Suite.scala:1477)
	at org.scalatest.tools.ScalaTestRunnerSuite.withFixture(ScalaTestRunnerSuite.scala:23)
	at org.scalatest.FunSuite$class.runTest(FunSuite.scala:1143)
	at org.scalatest.tools.ScalaTestRunnerSuite.runTest(ScalaTestRunnerSuite.scala:23)
	at org.scalatest.FunSuite$$anonfun$runTests$1.apply(FunSuite.scala:1252)
	at org.scalatest.FunSuite$$anonfun$runTests$1.apply(FunSuite.scala:1243)
	at scala.collection.LinearSeqOptimized$class.foreach(LinearSeqOptimized.scala:61)
	at scala.collection.immutable.List.foreach(List.scala:45)
	at org.scalatest.FunSuite$class.runTests(FunSuite.scala:1243)
	at org.scalatest.tools.ScalaTestRunnerSuite.runTests(ScalaTestRunnerSuite.scala:23)
	at org.scalatest.Suite$class.run(Suite.scala:1772)
	at org.scalatest.tools.ScalaTestRunnerSuite.org$scalatest$FunSuite$$super$run(ScalaTestRunnerSuite.scala:23)
	at org.scalatest.FunSuite$class.run(FunSuite.scala:1289)
	at org.scalatest.tools.ScalaTestRunnerSuite.run(ScalaTestRunnerSuite.scala:23)
	at org.scalatest.tools.SuiteRunner.run(SuiteRunner.scala:59)
	at java.util.concurrent.Executors$RunnableAdapter.call(Executors.java:511)
	at java.util.concurrent.FutureTask.run(FutureTask.java:266)
	at java.util.concurrent.ThreadPoolExecutor.runWorker(ThreadPoolExecutor.java:1142)
	at java.util.concurrent.ThreadPoolExecutor$Worker.run(ThreadPoolExecutor.java:617)
	at java.lang.Thread.run(Thread.java:745)
... Removed 20 stack frames</pre></div><a href='#' onClick='toggleBox("stack-trace24570252", this, "Click to show all stack frames", "Click to hide stack frames")'>Click to show all stack frames</a>
<div class='stack-trace' id='stack-trace24570252'><pre>java.lang.Exception: fail
	at org.scalatest.tools.test.SuiteWithSkippedTest.dependeeThatFails(ScalaTestRunnerSuite.scala:215)
	at sun.reflect.NativeMethodAccessorImpl.invoke0(Native Method)
	at sun.reflect.NativeMethodAccessorImpl.invoke(NativeMethodAccessorImpl.java:62)
	at sun.reflect.DelegatingMethodAccessorImpl.invoke(DelegatingMethodAccessorImpl.java:43)
	at java.lang.reflect.Method.invoke(Method.java:498)
	at org.testng.internal.MethodHelper.invokeMethod(MethodHelper.java:580)
	at org.testng.internal.Invoker.invokeMethod(Invoker.java:478)
	at org.testng.internal.Invoker.invokeTestMethod(Invoker.java:607)
	at org.testng.internal.Invoker.invokeTestMethods(Invoker.java:874)
	at org.testng.internal.TestMethodWorker.invokeTestMethods(TestMethodWorker.java:125)
	at org.testng.internal.TestMethodWorker.run(TestMethodWorker.java:109)
	at org.testng.TestRunner.runWorkers(TestRunner.java:689)
	at org.testng.TestRunner.privateRun(TestRunner.java:566)
	at org.testng.TestRunner.run(TestRunner.java:466)
	at org.testng.SuiteRunner.runTest(SuiteRunner.java:301)
	at org.testng.SuiteRunner.runSequentially(SuiteRunner.java:296)
	at org.testng.SuiteRunner.privateRun(SuiteRunner.java:276)
	at org.testng.SuiteRunner.run(SuiteRunner.java:191)
	at org.testng.TestNG.createAndRunSuiteRunners(TestNG.java:808)
	at org.testng.TestNG.runSuitesLocally(TestNG.java:776)
	at org.testng.TestNG.run(TestNG.java:701)
	at org.scalatest.testng.TestNGSuite$class.run(TestNGSuite.scala:161)
	at org.scalatest.tools.test.SuiteWithSkippedTest.run(ScalaTestRunnerSuite.scala:213)
	at org.scalatest.testng.TestNGSuite$class.runTestNG(TestNGSuite.scala:148)
	at org.scalatest.tools.test.SuiteWithSkippedTest.runTestNG(ScalaTestRunnerSuite.scala:213)
	at org.scalatest.testng.TestNGSuite$class.run(TestNGSuite.scala:99)
	at org.scalatest.tools.test.SuiteWithSkippedTest.run(ScalaTestRunnerSuite.scala:213)
	at org.scalatest.tools.ScalaTestFramework$ScalaTestRunner.run(ScalaTestFramework.scala:104)
	at org.scalatest.tools.ScalaTestRunnerSuite.run(ScalaTestRunnerSuite.scala:154)
	at org.scalatest.tools.ScalaTestRunnerSuite.run(ScalaTestRunnerSuite.scala:144)
	at org.scalatest.tools.ScalaTestRunnerSuite$$anonfun$9.apply(ScalaTestRunnerSuite.scala:112)
	at org.scalatest.tools.ScalaTestRunnerSuite$$anonfun$9.apply(ScalaTestRunnerSuite.scala:111)
	at org.scalatest.FunSuite$$anon$2.apply(FunSuite.scala:1146)
	at org.scalatest.Suite$class.withFixture(Suite.scala:1477)
	at org.scalatest.tools.ScalaTestRunnerSuite.withFixture(ScalaTestRunnerSuite.scala:23)
	at org.scalatest.FunSuite$class.runTest(FunSuite.scala:1143)
	at org.scalatest.tools.ScalaTestRunnerSuite.runTest(ScalaTestRunnerSuite.scala:23)
	at org.scalatest.FunSuite$$anonfun$runTests$1.apply(FunSuite.scala:1252)
	at org.scalatest.FunSuite$$anonfun$runTests$1.apply(FunSuite.scala:1243)
	at scala.collection.LinearSeqOptimized$class.foreach(LinearSeqOptimized.scala:61)
	at scala.collection.immutable.List.foreach(List.scala:45)
	at org.scalatest.FunSuite$class.runTests(FunSuite.scala:1243)
	at org.scalatest.tools.ScalaTestRunnerSuite.runTests(ScalaTestRunnerSuite.scala:23)
	at org.scalatest.Suite$class.run(Suite.scala:1772)
	at org.scalatest.tools.ScalaTestRunnerSuite.org$scalatest$FunSuite$$super$run(ScalaTestRunnerSuite.scala:23)
	at org.scalatest.FunSuite$class.run(FunSuite.scala:1289)
	at org.scalatest.tools.ScalaTestRunnerSuite.run(ScalaTestRunnerSuite.scala:23)
	at org.scalatest.tools.SuiteRunner.run(SuiteRunner.scala:59)
	at java.util.concurrent.Executors$RunnableAdapter.call(Executors.java:511)
	at java.util.concurrent.FutureTask.run(FutureTask.java:266)
	at java.util.concurrent.ThreadPoolExecutor.runWorker(ThreadPoolExecutor.java:1142)
	at java.util.concurrent.ThreadPoolExecutor$Worker.run(ThreadPoolExecutor.java:617)
	at java.lang.Thread.run(Thread.java:745)
</pre></div></td>
</tr>
</table><p>
<table width='100%' border='1' class='invocation-skipped'>
<tr><td colspan='3' align='center'><b>SKIPPED TESTS</b></td></tr>
<tr><td><b>Test method</b></td>
<td width="10%"><b>Time (seconds)</b></td>
<td width="30%"><b>Exception</b></td>
</tr>
<tr>
<td title='org.scalatest.tools.test.SuiteWithSkippedTest.depender()'>depender</td>
<td>0</td>
<td></td>
</tr>
</table><p>
</body>
</html>