<?xml version="1.0" encoding="UTF-8"?>
<testsuite name="Command line test" failures="1" tests="2" time="0.202" errors="0">
  <properties/>
  <testcase name="dependeeThatFails" time="0.075" classname="org.scalatest.tools.test.SuiteWithSkippedTest">
    <failure type="java.lang.Exception" message="fail">
      <![CDATA[java.lang.Exception: fail
	at org.scalatest.tools.test.SuiteWithSkippedTest.dependeeThatFails(ScalaTestRunnerSuite.scala:215)
	at org.scalatest.testng.TestNGSuite$class.run(TestNGSuite.scala:161)
	at org.scalatest.tools.test.SuiteWithSkippedTest.run(ScalaTestRunnerSuite.scala:213)
	at org.scalatest.testng.TestNGSuite$class.runTestNG(TestNGSuite.scala:148)
	at org.scalatest.tools.test.SuiteWithSkippedTest.runTestNG(ScalaTestRunnerSuite.scala:213)
	at org.scalatest.testng.TestNGSuite$class.run(TestNGSuite.scala:99)
	at org.scalatest.tools.test.SuiteWithSkippedTest.run(ScalaTestRunnerSuite.scala:213)
	at org.scalatest.tools.ScalaTestFramework$ScalaTestRunner.run(ScalaTestFramework.scala:104)
	at org.scalatest.tools.ScalaTestRunnerSuite.run(ScalaTestRunnerSuite.scala:154)
	at org.scalatest.tools.ScalaTestRunnerSuite.run(ScalaTestRunnerSuite.scala:144)
	at org.scalatest.tools.ScalaTestRunnerSuite$$anonfun$9.apply(ScalaTestRunnerSuite.scala:112)
	at org.scalatest.tools.ScalaTestRunnerSuite$$anonfun$9.apply(ScalaTestRunnerSuite.scala:111)
	at org.scalatest.FunSuite$$anon$2.apply(FunSuite.scala:1146)
	at org.scalatest.Suite$class.withFixture(Suite.scala:1477)
	at org.scalatest.tools.ScalaTestRunnerSuite.withFixture(ScalaTestRunnerSuite.scala:23)
	at org.scalatest.FunSuite$class.runTest(FunSuite.scala:1143)
	at org.scalatest.tools.ScalaTestRunnerSuite.runTest(ScalaTestRunnerSuite.scala:23)
	at org.scalatest.FunSuite$$anonfun$runTests$1.apply(FunSuite.scala:1252)
	at org.scalatest.FunSuite$$anonfun$runTests$1.apply(FunSuite.scala:1243)
	at scala.collection.LinearSeqOptimized$class.foreach(LinearSeqOptimized.scala:61)
	at scala.collection.immutable.List.foreach(List.scala:45)
	at org.scalatest.FunSuite$class.runTests(FunSuite.scala:1243)
	at org.scalatest.tools.ScalaTestRunnerSuite.runTests(ScalaTestRunnerSuite.scala:23)
	at org.scalatest.Suite$class.run(Suite.scala:1772)
	at org.scalatest.tools.ScalaTestRunnerSuite.org$scalatest$FunSuite$$super$run(ScalaTestRunnerSuite.scala:23)
	at org.scalatest.FunSuite$class.run(FunSuite.scala:1289)
	at org.scalatest.tools.ScalaTestRunnerSuite.run(ScalaTestRunnerSuite.scala:23)
	at org.scalatest.tools.SuiteRunner.run(SuiteRunner.scala:59)
	at java.util.concurrent.Executors$RunnableAdapter.call(Executors.java:511)
	at java.util.concurrent.FutureTask.run(FutureTask.java:266)
	at java.util.concurrent.ThreadPoolExecutor.runWorker(ThreadPoolExecutor.java:1142)
	at java.util.concurrent.ThreadPoolExecutor$Worker.run(ThreadPoolExecutor.java:617)
	at java.lang.Thread.run(Thread.java:745)
... Removed 20 stack frames]]>
    </failure>
  </testcase>
  <testcase name="depender" time="0.027" classname="org.scalatest.tools.test.SuiteWithSkippedTest">
    <skipped/>
  </testcase>
</testsuite>
